<?xml version="1.0" encoding="UTF-8"?>
<testsuite name="ru.netology.postman.TestPostman" tests="1" skipped="0" failures="0" errors="0" timestamp="2022-05-06T07:47:50" hostname="WIN-QOJ805JDFPF" time="6.15">
  <properties/>
  <testcase name="shouldTestPostman()" classname="ru.netology.postman.TestPostman" time="6.15"/>
  <system-out><![CDATA[]]></system-out>
  <system-err><![CDATA[]]></system-err>
</testsuite>
